# JRE version: Java(TM) SE Runtime Environment (8.0_66-b17) (build 1.8.0_66-b17)
# Java VM: Java HotSpot(TM) 64-Bit Server VM (25.66-b17 mixed mode linux-amd64 compressed oops)
Heap:
 def new generation   total 314560K, used 181046K [0x00000000c0000000, 0x00000000d5550000, 0x00000000d5550000)
  eden space 279616K,  64% used [0x00000000c0000000, 0x00000000cb0cdaf0, 0x00000000d1110000)
  from space 34944K,   0% used [0x00000000d3330000, 0x00000000d3330000, 0x00000000d5550000)
  to   space 34944K,   0% used [0x00000000d1110000, 0x00000000d1110000, 0x00000000d3330000)
 tenured generation   total 699072K, used 156360K [0x00000000d5550000, 0x0000000100000000, 0x0000000100000000)
   the space 699072K,  22% used [0x00000000d5550000, 0x00000000dee023d0, 0x00000000dee02400, 0x0000000100000000)
 Metaspace       used 120057K, capacity 120751K, committed 120960K, reserved 1148928K
  class space    used 20632K, capacity 20806K, committed 20864K, reserved 1048576K
GC Heap History (10 events):
Event: 2349.329 GC heap before
{Heap before GC invocations=24 (full 1):
 def new generation   total 314560K, used 301697K [0x00000000c0000000, 0x00000000d5550000, 0x00000000d5550000)
  eden space 279616K, 100% used [0x00000000c0000000, 0x00000000d1110000, 0x00000000d1110000)
  from space 34944K,  63% used [0x00000000d3330000, 0x00000000d48c0760, 0x00000000d5550000)
  to   space 34944K,   0% used [0x00000000d1110000, 0x00000000d1110000, 0x00000000d3330000)
 tenured generation   total 699072K, used 147998K [0x00000000d5550000, 0x0000000100000000, 0x0000000100000000)
   the space 699072K,  21% used [0x00000000d5550000, 0x00000000de5d7a18, 0x00000000de5d7c00, 0x0000000100000000)
 Metaspace       used 78225K, capacity 78716K, committed 78848K, reserved 1114112K
  class space    used 13596K, capacity 13759K, committed 13824K, reserved 1048576K
Event: 2349.387 GC heap after
Heap after GC invocations=25 (full 1):
 def new generation   total 314560K, used 14387K [0x00000000c0000000, 0x00000000d5550000, 0x00000000d5550000)
  eden space 279616K,   0% used [0x00000000c0000000, 0x00000000c0000000, 0x00000000d1110000)
  from space 34944K,  41% used [0x00000000d1110000, 0x00000000d1f1ccf0, 0x00000000d3330000)
  to   space 34944K,   0% used [0x00000000d3330000, 0x00000000d3330000, 0x00000000d5550000)
 tenured generation   total 699072K, used 158470K [0x00000000d5550000, 0x0000000100000000, 0x0000000100000000)
   the space 699072K,  22% used [0x00000000d5550000, 0x00000000df011938, 0x00000000df011a00, 0x0000000100000000)
 Metaspace       used 78225K, capacity 78716K, committed 78848K, reserved 1114112K
  class space    used 13596K, capacity 13759K, committed 13824K, reserved 1048576K
}
Event: 2419.340 GC heap before
{Heap before GC invocations=25 (full 1):
 def new generation   total 314560K, used 294003K [0x00000000c0000000, 0x00000000d5550000, 0x00000000d5550000)
  eden space 279616K, 100% used [0x00000000c0000000, 0x00000000d1110000, 0x00000000d1110000)
  from space 34944K,  41% used [0x00000000d1110000, 0x00000000d1f1ccf0, 0x00000000d3330000)
  to   space 34944K,   0% used [0x00000000d3330000, 0x00000000d3330000, 0x00000000d5550000)
 tenured generation   total 699072K, used 158470K [0x00000000d5550000, 0x0000000100000000, 0x0000000100000000)
   the space 699072K,  22% used [0x00000000d5550000, 0x00000000df011938, 0x00000000df011a00, 0x0000000100000000)
 Metaspace       used 78237K, capacity 78780K, committed 79104K, reserved 1114112K
  class space    used 13596K, capacity 13759K, committed 13824K, reserved 1048576K
Event: 2419.367 GC heap after
Heap after GC invocations=26 (full 1):
 def new generation   total 314560K, used 13745K [0x00000000c0000000, 0x00000000d5550000, 0x00000000d5550000)
  eden space 279616K,   0% used [0x00000000c0000000, 0x00000000c0000000, 0x00000000d1110000)
  from space 34944K,  39% used [0x00000000d3330000, 0x00000000d409c530, 0x00000000d5550000)
  to   space 34944K,   0% used [0x00000000d1110000, 0x00000000d1110000, 0x00000000d3330000)
 tenured generation   total 699072K, used 158470K [0x00000000d5550000, 0x0000000100000000, 0x0000000100000000)
   the space 699072K,  22% used [0x00000000d5550000, 0x00000000df011938, 0x00000000df011a00, 0x0000000100000000)
 Metaspace       used 78237K, capacity 78780K, committed 79104K, reserved 1114112K
  class space    used 13596K, capacity 13759K, committed 13824K, reserved 1048576K
}
Event: 2510.436 GC heap before
{Heap before GC invocations=26 (full 1):
 def new generation   total 314560K, used 293361K [0x00000000c0000000, 0x00000000d5550000, 0x00000000d5550000)
  eden space 279616K, 100% used [0x00000000c0000000, 0x00000000d1110000, 0x00000000d1110000)
  from space 34944K,  39% used [0x00000000d3330000, 0x00000000d409c530, 0x00000000d5550000)
  to   space 34944K,   0% used [0x00000000d1110000, 0x00000000d1110000, 0x00000000d3330000)
 tenured generation   total 699072K, used 158470K [0x00000000d5550000, 0x0000000100000000, 0x0000000100000000)
   the space 699072K,  22% used [0x00000000d5550000, 0x00000000df011938, 0x00000000df011a00, 0x0000000100000000)
 Metaspace       used 78243K, capacity 78780K, committed 79104K, reserved 1114112K
  class space    used 13596K, capacity 13759K, committed 13824K, reserved 1048576K
Event: 2510.458 GC heap after
Heap after GC invocations=27 (full 1):
 def new generation   total 314560K, used 13284K [0x00000000c0000000, 0x00000000d5550000, 0x00000000d5550000)
  eden space 279616K,   0% used [0x00000000c0000000, 0x00000000c0000000, 0x00000000d1110000)
  from space 34944K,  38% used [0x00000000d1110000, 0x00000000d1e09060, 0x00000000d3330000)
  to   space 34944K,   0% used [0x00000000d3330000, 0x00000000d3330000, 0x00000000d5550000)
 tenured generation   total 699072K, used 158470K [0x00000000d5550000, 0x0000000100000000, 0x0000000100000000)
   the space 699072K,  22% used [0x00000000d5550000, 0x00000000df011938, 0x00000000df011a00, 0x0000000100000000)
 Metaspace       used 78243K, capacity 78780K, committed 79104K, reserved 1114112K
  class space    used 13596K, capacity 13759K, committed 13824K, reserved 1048576K
}
Event: 2566.539 GC heap before
{Heap before GC invocations=27 (full 1):
 def new generation   total 314560K, used 292900K [0x00000000c0000000, 0x00000000d5550000, 0x00000000d5550000)
  eden space 279616K, 100% used [0x00000000c0000000, 0x00000000d1110000, 0x00000000d1110000)
  from space 34944K,  38% used [0x00000000d1110000, 0x00000000d1e09060, 0x00000000d3330000)
  to   space 34944K,   0% used [0x00000000d3330000, 0x00000000d3330000, 0x00000000d5550000)
 tenured generation   total 699072K, used 158470K [0x00000000d5550000, 0x0000000100000000, 0x0000000100000000)
   the space 699072K,  22% used [0x00000000d5550000, 0x00000000df011938, 0x00000000df011a00, 0x0000000100000000)
 Metaspace       used 91088K, capacity 91788K, committed 91904K, reserved 1124352K
  class space    used 15879K, capacity 16111K, committed 16128K, reserved 1048576K
Event: 2566.722 GC heap after
Heap after GC invocations=28 (full 1):
 def new generation   total 314560K, used 34943K [0x00000000c0000000, 0x00000000d5550000, 0x00000000d5550000)
  eden space 279616K,   0% used [0x00000000c0000000, 0x00000000c0000000, 0x00000000d1110000)
  from space 34944K,  99% used [0x00000000d3330000, 0x00000000d554fff8, 0x00000000d5550000)
  to   space 34944K,   0% used [0x00000000d1110000, 0x00000000d1110000, 0x00000000d3330000)
 tenured generation   total 699072K, used 172227K [0x00000000d5550000, 0x0000000100000000, 0x0000000100000000)
   the space 699072K,  24% used [0x00000000d5550000, 0x00000000dfd80db8, 0x00000000dfd80e00, 0x0000000100000000)
 Metaspace       used 91088K, capacity 91788K, committed 91904K, reserved 1124352K
  class space    used 15879K, capacity 16111K, committed 16128K, reserved 1048576K
}
Event: 2570.167 GC heap before
{Heap before GC invocations=28 (full 1):
 def new generation   total 314560K, used 231482K [0x00000000c0000000, 0x00000000d5550000, 0x00000000d5550000)
  eden space 279616K,  70% used [0x00000000c0000000, 0x00000000cbfee858, 0x00000000d1110000)
  from space 34944K,  99% used [0x00000000d3330000, 0x00000000d554fff8, 0x00000000d5550000)
  to   space 34944K,   0% used [0x00000000d1110000, 0x00000000d1110000, 0x00000000d3330000)
 tenured generation   total 699072K, used 172227K [0x00000000d5550000, 0x0000000100000000, 0x0000000100000000)
   the space 699072K,  24% used [0x00000000d5550000, 0x00000000dfd80db8, 0x00000000dfd80e00, 0x0000000100000000)
 Metaspace       used 108327K, capacity 109002K, committed 109184K, reserved 1138688K
  class space    used 19043K, capacity 19218K, committed 19328K, reserved 1048576K
Event: 2570.527 GC heap after
Heap after GC invocations=29 (full 2):
 def new generation   total 314560K, used 0K [0x00000000c0000000, 0x00000000d5550000, 0x00000000d5550000)
  eden space 279616K,   0% used [0x00000000c0000000, 0x00000000c0000000, 0x00000000d1110000)
  from space 34944K,   0% used [0x00000000d3330000, 0x00000000d3330000, 0x00000000d5550000)
  to   space 34944K,   0% used [0x00000000d1110000, 0x00000000d1110000, 0x00000000d3330000)
 tenured generation   total 699072K, used 156360K [0x00000000d5550000, 0x0000000100000000, 0x0000000100000000)
   the space 699072K,  22% used [0x00000000d5550000, 0x00000000dee023d0, 0x00000000dee02400, 0x0000000100000000)
 Metaspace       used 107066K, capacity 107726K, committed 109184K, reserved 1138688K
  class space    used 18880K, capacity 19046K, committed 19328K, reserved 1048576K
}

